<?xml version="1.0" encoding="UTF-8"?>
<!-- Generated by org.testng.reporters.JUnitReportReporter -->
<testsuite hostname="RAVANA-PC" failures="0" tests="1" name="s.NewTest" time="0.014" errors="0" timestamp="2023-01-20T23:47:58 IST" skipped="0">
  <testcase classname="s.NewTest" name="f" time="0.014"/>
  <system-out/>
</testsuite> <!-- s.NewTest -->
