<?xml version="1.0" encoding="UTF-8"?>
<!-- Generated by org.testng.reporters.JUnitReportReporter -->
<testsuite hostname="RAVANA-PC" failures="0" tests="3" name="NewTest" time="0.018" errors="0" timestamp="2023-01-21T15:33:19 IST" skipped="1">
  <testcase classname="NewTest" name="b" time="0.014"/>
  <system-out/>
  <testcase classname="NewTest" name="c" time="0.004"/>
  <system-out/>
  <testcase classname="NewTest" name="a">
    <skipped/>
  </testcase> <!-- a -->
  <system-out/>
</testsuite> <!-- NewTest -->
